2023-09-01T09:38:12.059+05:30  INFO 11232 --- [restartedMain] c.e.bill.OnlineBillPaymentApplication    : Starting OnlineBillPaymentApplication using Java 17.0.7 with PID 11232 (C:\Users\vinot\Documents\workspace-spring-tool-suite-4-4.19.1.RELEASE\online_bill_payment\target\classes started by vinot in C:\Users\vinot\Documents\workspace-spring-tool-suite-4-4.19.1.RELEASE\online_bill_payment)
2023-09-01T09:38:12.059+05:30  INFO 11232 --- [restartedMain] c.e.bill.OnlineBillPaymentApplication    : No active profile set, falling back to 1 default profile: "default"
2023-09-01T09:38:12.246+05:30  INFO 11232 --- [restartedMain] .s.d.r.c.RepositoryConfigurationDelegate : Bootstrapping Spring Data JPA repositories in DEFAULT mode.
2023-09-01T09:38:12.258+05:30  INFO 11232 --- [restartedMain] .s.d.r.c.RepositoryConfigurationDelegate : Finished Spring Data repository scanning in 10 ms. Found 4 JPA repository interfaces.
2023-09-01T09:38:12.321+05:30  INFO 11232 --- [restartedMain] o.s.b.w.embedded.tomcat.TomcatWebServer  : Tomcat initialized with port(s): 8088 (http)
2023-09-01T09:38:12.321+05:30  INFO 11232 --- [restartedMain] o.apache.catalina.core.StandardService   : Starting service [Tomcat]
2023-09-01T09:38:12.321+05:30  INFO 11232 --- [restartedMain] o.apache.catalina.core.StandardEngine    : Starting Servlet engine: [Apache Tomcat/10.1.11]
2023-09-01T09:38:12.335+05:30  INFO 11232 --- [restartedMain] o.a.c.c.C.[Tomcat].[localhost].[/]       : Initializing Spring embedded WebApplicationContext
2023-09-01T09:38:12.335+05:30  INFO 11232 --- [restartedMain] w.s.c.ServletWebServerApplicationContext : Root WebApplicationContext: initialization completed in 273 ms
2023-09-01T09:38:12.370+05:30  INFO 11232 --- [restartedMain] o.hibernate.jpa.internal.util.LogHelper  : HHH000204: Processing PersistenceUnitInfo [name: default]
2023-09-01T09:38:12.376+05:30  INFO 11232 --- [restartedMain] o.h.b.i.BytecodeProviderInitiator        : HHH000021: Bytecode provider name : bytebuddy
2023-09-01T09:38:12.376+05:30  INFO 11232 --- [restartedMain] o.s.o.j.p.SpringPersistenceUnitInfo      : No LoadTimeWeaver setup: ignoring JPA class transformer
2023-09-01T09:38:12.376+05:30  INFO 11232 --- [restartedMain] com.zaxxer.hikari.HikariDataSource       : HikariPool-7 - Starting...
2023-09-01T09:38:12.384+05:30  INFO 11232 --- [restartedMain] com.zaxxer.hikari.pool.HikariPool        : HikariPool-7 - Added connection com.mysql.cj.jdbc.ConnectionImpl@69101aa0
2023-09-01T09:38:12.384+05:30  INFO 11232 --- [restartedMain] com.zaxxer.hikari.HikariDataSource       : HikariPool-7 - Start completed.
2023-09-01T09:38:12.393+05:30  INFO 11232 --- [restartedMain] o.h.b.i.BytecodeProviderInitiator        : HHH000021: Bytecode provider name : bytebuddy
2023-09-01T09:38:12.422+05:30  INFO 11232 --- [restartedMain] o.h.e.t.j.p.i.JtaPlatformInitiator       : HHH000490: Using JtaPlatform implementation: [org.hibernate.engine.transaction.jta.platform.internal.NoJtaPlatform]
2023-09-01T09:38:12.456+05:30  INFO 11232 --- [restartedMain] j.LocalContainerEntityManagerFactoryBean : Initialized JPA EntityManagerFactory for persistence unit 'default'
2023-09-01T09:38:12.558+05:30  WARN 11232 --- [restartedMain] JpaBaseConfiguration$JpaWebConfiguration : spring.jpa.open-in-view is enabled by default. Therefore, database queries may be performed during view rendering. Explicitly configure spring.jpa.open-in-view to disable this warning
2023-09-01T09:38:12.674+05:30  INFO 11232 --- [restartedMain] o.s.b.d.a.OptionalLiveReloadServer       : LiveReload server is running on port 35729
2023-09-01T09:38:12.685+05:30  INFO 11232 --- [restartedMain] o.s.b.w.embedded.tomcat.TomcatWebServer  : Tomcat started on port(s): 8088 (http) with context path ''
2023-09-01T09:38:12.690+05:30  INFO 11232 --- [restartedMain] c.e.bill.OnlineBillPaymentApplication    : Started OnlineBillPaymentApplication in 0.668 seconds (process running for 711.757)
2023-09-01T09:38:12.692+05:30  INFO 11232 --- [restartedMain] .ConditionEvaluationDeltaLoggingListener : Condition evaluation unchanged
2023-09-01T09:45:59.273+05:30  INFO 11232 --- [File Watcher] rtingClassPathChangeChangedEventListener : Restarting due to 1 class path change (0 additions, 0 deletions, 1 modification)
2023-09-01T09:45:59.292+05:30  INFO 11232 --- [Thread-27] o.apache.catalina.core.StandardService   : Stopping service [Tomcat]
2023-09-01T09:45:59.298+05:30  INFO 11232 --- [Thread-27] j.LocalContainerEntityManagerFactoryBean : Closing JPA EntityManagerFactory for persistence unit 'default'
2023-09-01T09:45:59.299+05:30  INFO 11232 --- [Thread-27] com.zaxxer.hikari.HikariDataSource       : HikariPool-7 - Shutdown initiated...
2023-09-01T09:45:59.303+05:30  INFO 11232 --- [Thread-27] com.zaxxer.hikari.HikariDataSource       : HikariPool-7 - Shutdown completed.
2023-09-01T09:45:59.365+05:30  INFO 11232 --- [restartedMain] c.e.bill.OnlineBillPaymentApplication    : Starting OnlineBillPaymentApplication using Java 17.0.7 with PID 11232 (C:\Users\vinot\Documents\workspace-spring-tool-suite-4-4.19.1.RELEASE\online_bill_payment\target\classes started by vinot in C:\Users\vinot\Documents\workspace-spring-tool-suite-4-4.19.1.RELEASE\online_bill_payment)
2023-09-01T09:45:59.365+05:30  INFO 11232 --- [restartedMain] c.e.bill.OnlineBillPaymentApplication    : No active profile set, falling back to 1 default profile: "default"
2023-09-01T09:45:59.498+05:30  INFO 11232 --- [restartedMain] .s.d.r.c.RepositoryConfigurationDelegate : Bootstrapping Spring Data JPA repositories in DEFAULT mode.
2023-09-01T09:45:59.509+05:30  INFO 11232 --- [restartedMain] .s.d.r.c.RepositoryConfigurationDelegate : Finished Spring Data repository scanning in 10 ms. Found 4 JPA repository interfaces.
2023-09-01T09:45:59.580+05:30  INFO 11232 --- [restartedMain] o.s.b.w.embedded.tomcat.TomcatWebServer  : Tomcat initialized with port(s): 8088 (http)
2023-09-01T09:45:59.581+05:30  INFO 11232 --- [restartedMain] o.apache.catalina.core.StandardService   : Starting service [Tomcat]
2023-09-01T09:45:59.581+05:30  INFO 11232 --- [restartedMain] o.apache.catalina.core.StandardEngine    : Starting Servlet engine: [Apache Tomcat/10.1.11]
2023-09-01T09:45:59.601+05:30  INFO 11232 --- [restartedMain] o.a.c.c.C.[Tomcat].[localhost].[/]       : Initializing Spring embedded WebApplicationContext
2023-09-01T09:45:59.601+05:30  INFO 11232 --- [restartedMain] w.s.c.ServletWebServerApplicationContext : Root WebApplicationContext: initialization completed in 235 ms
2023-09-01T09:45:59.627+05:30  INFO 11232 --- [restartedMain] o.hibernate.jpa.internal.util.LogHelper  : HHH000204: Processing PersistenceUnitInfo [name: default]
2023-09-01T09:45:59.631+05:30  INFO 11232 --- [restartedMain] o.h.b.i.BytecodeProviderInitiator        : HHH000021: Bytecode provider name : bytebuddy
2023-09-01T09:45:59.631+05:30  INFO 11232 --- [restartedMain] o.s.o.j.p.SpringPersistenceUnitInfo      : No LoadTimeWeaver setup: ignoring JPA class transformer
2023-09-01T09:45:59.632+05:30  INFO 11232 --- [restartedMain] com.zaxxer.hikari.HikariDataSource       : HikariPool-8 - Starting...
2023-09-01T09:45:59.639+05:30  INFO 11232 --- [restartedMain] com.zaxxer.hikari.pool.HikariPool        : HikariPool-8 - Added connection com.mysql.cj.jdbc.ConnectionImpl@65928fe6
2023-09-01T09:45:59.639+05:30  INFO 11232 --- [restartedMain] com.zaxxer.hikari.HikariDataSource       : HikariPool-8 - Start completed.
2023-09-01T09:45:59.648+05:30  INFO 11232 --- [restartedMain] o.h.b.i.BytecodeProviderInitiator        : HHH000021: Bytecode provider name : bytebuddy
2023-09-01T09:45:59.674+05:30  INFO 11232 --- [restartedMain] o.h.e.t.j.p.i.JtaPlatformInitiator       : HHH000490: Using JtaPlatform implementation: [org.hibernate.engine.transaction.jta.platform.internal.NoJtaPlatform]
2023-09-01T09:45:59.699+05:30  INFO 11232 --- [restartedMain] j.LocalContainerEntityManagerFactoryBean : Initialized JPA EntityManagerFactory for persistence unit 'default'
2023-09-01T09:45:59.800+05:30  WARN 11232 --- [restartedMain] JpaBaseConfiguration$JpaWebConfiguration : spring.jpa.open-in-view is enabled by default. Therefore, database queries may be performed during view rendering. Explicitly configure spring.jpa.open-in-view to disable this warning
2023-09-01T09:45:59.918+05:30  INFO 11232 --- [restartedMain] o.s.b.d.a.OptionalLiveReloadServer       : LiveReload server is running on port 35729
2023-09-01T09:45:59.929+05:30  INFO 11232 --- [restartedMain] o.s.b.w.embedded.tomcat.TomcatWebServer  : Tomcat started on port(s): 8088 (http) with context path ''
2023-09-01T09:45:59.932+05:30  INFO 11232 --- [restartedMain] c.e.bill.OnlineBillPaymentApplication    : Started OnlineBillPaymentApplication in 0.589 seconds (process running for 1179.0)
2023-09-01T09:45:59.934+05:30  INFO 11232 --- [restartedMain] .ConditionEvaluationDeltaLoggingListener : Condition evaluation unchanged
2023-09-01T09:47:14.090+05:30  INFO 11232 --- [http-nio-8088-exec-5] o.a.c.c.C.[Tomcat].[localhost].[/]       : Initializing Spring DispatcherServlet 'dispatcherServlet'
2023-09-01T09:47:14.092+05:30  INFO 11232 --- [http-nio-8088-exec-5] o.s.web.servlet.DispatcherServlet        : Initializing Servlet 'dispatcherServlet'
2023-09-01T09:47:14.095+05:30  INFO 11232 --- [http-nio-8088-exec-5] o.s.web.servlet.DispatcherServlet        : Completed initialization in 1 ms
2023-09-01T09:47:14.163+05:30  INFO 11232 --- [http-nio-8088-exec-5] c.e.bill.controller.UserController       : This is Mathi
2023-09-01T09:48:48.140+05:30  INFO 11232 --- [File Watcher] rtingClassPathChangeChangedEventListener : Restarting due to 1 class path change (0 additions, 0 deletions, 1 modification)
2023-09-01T09:48:48.156+05:30  INFO 11232 --- [Thread-31] o.apache.catalina.core.StandardService   : Stopping service [Tomcat]
2023-09-01T09:48:48.157+05:30  INFO 11232 --- [Thread-31] o.a.c.c.C.[Tomcat].[localhost].[/]       : Destroying Spring FrameworkServlet 'dispatcherServlet'
2023-09-01T09:48:48.165+05:30  INFO 11232 --- [Thread-31] j.LocalContainerEntityManagerFactoryBean : Closing JPA EntityManagerFactory for persistence unit 'default'
2023-09-01T09:48:48.166+05:30  INFO 11232 --- [Thread-31] com.zaxxer.hikari.HikariDataSource       : HikariPool-8 - Shutdown initiated...
2023-09-01T09:48:48.168+05:30  INFO 11232 --- [Thread-31] com.zaxxer.hikari.HikariDataSource       : HikariPool-8 - Shutdown completed.
2023-09-01T09:48:48.298+05:30  INFO 11232 --- [restartedMain] c.e.bill.OnlineBillPaymentApplication    : Starting OnlineBillPaymentApplication using Java 17.0.7 with PID 11232 (C:\Users\vinot\Documents\workspace-spring-tool-suite-4-4.19.1.RELEASE\online_bill_payment\target\classes started by vinot in C:\Users\vinot\Documents\workspace-spring-tool-suite-4-4.19.1.RELEASE\online_bill_payment)
2023-09-01T09:48:48.299+05:30  INFO 11232 --- [restartedMain] c.e.bill.OnlineBillPaymentApplication    : No active profile set, falling back to 1 default profile: "default"
2023-09-01T09:48:48.526+05:30  INFO 11232 --- [restartedMain] .s.d.r.c.RepositoryConfigurationDelegate : Bootstrapping Spring Data JPA repositories in DEFAULT mode.
2023-09-01T09:48:48.538+05:30  INFO 11232 --- [restartedMain] .s.d.r.c.RepositoryConfigurationDelegate : Finished Spring Data repository scanning in 12 ms. Found 4 JPA repository interfaces.
2023-09-01T09:48:48.663+05:30  INFO 11232 --- [restartedMain] o.s.b.w.embedded.tomcat.TomcatWebServer  : Tomcat initialized with port(s): 8088 (http)
2023-09-01T09:48:48.663+05:30  INFO 11232 --- [restartedMain] o.apache.catalina.core.StandardService   : Starting service [Tomcat]
2023-09-01T09:48:48.663+05:30  INFO 11232 --- [restartedMain] o.apache.catalina.core.StandardEngine    : Starting Servlet engine: [Apache Tomcat/10.1.11]
2023-09-01T09:48:48.676+05:30  INFO 11232 --- [restartedMain] o.a.c.c.C.[Tomcat].[localhost].[/]       : Initializing Spring embedded WebApplicationContext
2023-09-01T09:48:48.676+05:30  INFO 11232 --- [restartedMain] w.s.c.ServletWebServerApplicationContext : Root WebApplicationContext: initialization completed in 374 ms
2023-09-01T09:48:48.708+05:30  INFO 11232 --- [restartedMain] o.hibernate.jpa.internal.util.LogHelper  : HHH000204: Processing PersistenceUnitInfo [name: default]
2023-09-01T09:48:48.713+05:30  INFO 11232 --- [restartedMain] o.h.b.i.BytecodeProviderInitiator        : HHH000021: Bytecode provider name : bytebuddy
2023-09-01T09:48:48.713+05:30  INFO 11232 --- [restartedMain] o.s.o.j.p.SpringPersistenceUnitInfo      : No LoadTimeWeaver setup: ignoring JPA class transformer
2023-09-01T09:48:48.714+05:30  INFO 11232 --- [restartedMain] com.zaxxer.hikari.HikariDataSource       : HikariPool-9 - Starting...
2023-09-01T09:48:48.722+05:30  INFO 11232 --- [restartedMain] com.zaxxer.hikari.pool.HikariPool        : HikariPool-9 - Added connection com.mysql.cj.jdbc.ConnectionImpl@48dd20f
2023-09-01T09:48:48.722+05:30  INFO 11232 --- [restartedMain] com.zaxxer.hikari.HikariDataSource       : HikariPool-9 - Start completed.
2023-09-01T09:48:48.732+05:30  INFO 11232 --- [restartedMain] o.h.b.i.BytecodeProviderInitiator        : HHH000021: Bytecode provider name : bytebuddy
2023-09-01T09:48:48.765+05:30  INFO 11232 --- [restartedMain] o.h.e.t.j.p.i.JtaPlatformInitiator       : HHH000490: Using JtaPlatform implementation: [org.hibernate.engine.transaction.jta.platform.internal.NoJtaPlatform]
2023-09-01T09:48:48.785+05:30  INFO 11232 --- [restartedMain] j.LocalContainerEntityManagerFactoryBean : Initialized JPA EntityManagerFactory for persistence unit 'default'
2023-09-01T09:48:48.886+05:30  WARN 11232 --- [restartedMain] JpaBaseConfiguration$JpaWebConfiguration : spring.jpa.open-in-view is enabled by default. Therefore, database queries may be performed during view rendering. Explicitly configure spring.jpa.open-in-view to disable this warning
2023-09-01T09:48:49.001+05:30  INFO 11232 --- [restartedMain] o.s.b.d.a.OptionalLiveReloadServer       : LiveReload server is running on port 35729
2023-09-01T09:48:49.010+05:30  INFO 11232 --- [restartedMain] o.s.b.w.embedded.tomcat.TomcatWebServer  : Tomcat started on port(s): 8088 (http) with context path ''
2023-09-01T09:48:49.015+05:30  INFO 11232 --- [restartedMain] c.e.bill.OnlineBillPaymentApplication    : Started OnlineBillPaymentApplication in 0.76 seconds (process running for 1348.082)
2023-09-01T09:48:49.016+05:30  INFO 11232 --- [restartedMain] .ConditionEvaluationDeltaLoggingListener : Condition evaluation unchanged
2023-09-01T09:48:52.223+05:30  INFO 11232 --- [http-nio-8088-exec-2] o.a.c.c.C.[Tomcat].[localhost].[/]       : Initializing Spring DispatcherServlet 'dispatcherServlet'
2023-09-01T09:48:52.225+05:30  INFO 11232 --- [http-nio-8088-exec-2] o.s.web.servlet.DispatcherServlet        : Initializing Servlet 'dispatcherServlet'
2023-09-01T09:48:52.225+05:30  INFO 11232 --- [http-nio-8088-exec-2] o.s.web.servlet.DispatcherServlet        : Completed initialization in 0 ms
2023-09-01T09:48:52.227+05:30  INFO 11232 --- [http-nio-8088-exec-2] c.e.bill.controller.UserController       : This is Mathi
2023-09-01T09:48:52.228+05:30 DEBUG 11232 --- [http-nio-8088-exec-2] c.e.bill.controller.UserController       : debug
2023-09-01T09:48:52.228+05:30  WARN 11232 --- [http-nio-8088-exec-2] c.e.bill.controller.UserController       : warn
